UL TRA VIOLETS
TURBO CHARGERS
TOUCANS
TNT
TIGER LlLL YS
TEH DRAGONS
TEAM BUBBLICIOUS
TARANTULAS
SURGE
SUPER SISTERS
SUN DRAGONS
STRIKING COBRAS
STINGRAYS
STARLITE WARRIORS
SPRINTERS
SPEED DEMONS
SPARKLE GIRLS
SOCCER STARS
SOCCER BRA TS
SNOW QUEENS
SMASHING CLOVERS
SKITTLES
SILVER STRIKE
SILVER KNIGHTS
SHOOTING STARS
SHARK BUSTERS
SCREAMING EAGLES
SABRES
MUD DOGS
MIRAGE
MIGHTY SONS
MIGHTY LIONS
MIDNIGHT RAIDERS
MEN IN BLUE
MAROON MONKEYS
MAJOR TROUBLE 
FURY
FLYING DRAGONS
FLAMES
FIREHAWKS
FIREBOLTS
FIRE BLASTERS
FIGHTING IRISH 
AZTEC
ATLAS
ANNIHILATORS
AMERICAN EAGLES
ALIGATORS 
Fratii Camataru
Specii
Monster
Iuby Duby
Legalize
uning boys
ogdan-Florin 6
uresan Valerica 8
alan Ioan-Adrian 0
adea Vladimir 2
nghel Erzsebet 10
tanci Alexandru-Iulian 0
lie Ionut-Florin 10
Between a Walk and a Hard Pa
Backhanded Compliments
The Waiver Wire
